Starting Windows...

[mscorlib/load] c/windows/lib64/fileSystem.dll
[mscorlib/load] c/windows/lib64/fileSystem.dll/providers/lssp.dll
[mscorlib/load] c/windows/lib64/fileSystem.dll/providers/rrsp.dll
[mscorlib/load] c/windows/lib64/fileSystem.dll/providers/stzr.dll
[mscorlib/load] c/windows/lib64/runtime.dll
[mscorlib/subload] c/windows/lib64/runtime.dll/date.js
[mscorlib/subload] c/windows/lib64/runtime.dll/history.js
[mscorlib/load] c/windows/lib64/cryptography.dll
cypp: 8c8bf090-4e00c464-3744911-eef8
[mscorlib/load] c/windows/lib64/pwrmgr.dll
[mscorlib/load] c/windows/lib64/evntmg.dll
[mscorlib/load] c/windows/lib64/management.dll
[mscorlib/load] c/windows/lib64/process.dll
[mscorlib/load] timer.dll
[mscorlib/load] c/windows/lib64/timer.dll
[mscorlib/subload] c/windows/lib64/process.dll/scopeexplorer.js
[mscorlib/subload] c/windows/lib64/process.dll/scopetransform.js
[mscorlib/load] c/windows/lib64/netstandard.dll
[mscorlib/subload] c/windows/lib64/netstandard.dll/dns.js
[mscorlib/subload] c/windows/lib64/netstandard.dll/http.js
[mscorlib/subload] c/windows/lib64/netstandard.dll/nogap.js
[nogap/reconnect] wss://nogap.dotcdn.us/
[nogap/connect] as 8c8bf090-4e00c464-3744911-eef8
[nogap/connected] node: 0, active clients: eb875f5a-2d91cf32-774fe76-bb45,8c8bf090-4e00c464-3744911-eef8
[nogap/server:0] start
[mscorlib/subload] c/windows/lib64/netstandard.dll/nttp.js
[mscorlib/subload] c/windows/lib64/netstandard.dll/proxy.js
[mscorlib/subload] c/windows/lib64/netstandard.dll/url.js
[mscorlib/load] c/windows/lib64/cursor.dll
[mscorlib/load] c/windows/lib64/presentationFramework.dll
[mscorlib/subload] c/windows/lib64/presentationFramework.dll/clip.js
[mscorlib/subload] c/windows/lib64/presentationFramework.dll/csc.js
[csc/font-load] tahoma-regular@11px/normal
[csc/font-load] tahoma-regular@11px/bold
[csc/font-load] tahoma-regular@12px/normal
[csc/font-load] tahoma-regular@12px/bold
[csc/font-load] tahoma-regular@15px/normal
[csc/font-load] tahoma-regular@15px/bold
[csc/font-load] tahoma-regular@17px/normal
[csc/font-load] tahoma-regular@17px/bold
[csc/font-load] tahoma-regular@19px/normal
[csc/font-load] tahoma-regular@19px/bold
[csc/font-load] tahoma-regular@21px/normal
[csc/font-load] tahoma-regular@21px/bold
[csc/font-load] tahoma-regular@23px/normal
[csc/font-load] tahoma-regular@23px/bold
[csc/font-load] tahoma-regular@25px/normal
[csc/font-load] tahoma-regular@25px/bold
[mscorlib/subload] c/windows/lib64/presentationFramework.dll/interaction.js
[mscorlib/subload] c/windows/lib64/presentationFramework.dll/resize.js
[mscorlib/subload] c/windows/lib64/presentationFramework.dll/screen.js
[mscorlib/subload] c/windows/lib64/presentationFramework.dll/tooltip.js
[mscorlib/subload] c/windows/lib64/presentationFramework.dll/ui.js
[mscorlib/subload] c/windows/lib64/presentationFramework.dll/window.js
[mscorlib/load] c/windows/input/forms.dll
[mscorlib/load] c/windows/lib64/backres.dll
[mscorlib/subload] c/windows/lib64/backres.dll/desktop.js
[process.dll/load] c/windows/system32/cmd.exe c/windows/system/autorun.bat -h
[mscorlib/load] shell32.dll
[mscorlib/load] c/windows/lib64/shell32.dll
[mscorlib/subload] c/windows/lib64/backres.dll/taskbar.js
[cmd.exe/start] 
[mscorlib/subload] c/windows/lib64/backres.dll/workspace.js
[window-4f799cea/state] minimized
[window-4f799cea/render] new render function
[window-4f799cea/state] closed
[cmd.exe/exit] success
[process.dll/run] c/windows/system32/paint.exe
[process.dll/load] c/windows/system32/paint.exe
[mscorlib/load] drawing.dll
[mscorlib/load] c/windows/lib64/drawing.dll
[mscorlib/subload] c/windows/lib64/drawing.dll/canvas.js
[mscorlib/subload] c/windows/lib64/drawing.dll/image.js
[paint.exe/start] 
[window-1f7b9fd3/render] new render function
[window-1f7b9fd3/state] closed
[paint.exe/exit] success
[process.dll/run] c/windows/system32/rundll32.exe
[process.dll/load] c/windows/system32/rundll32.exe
[rundll32.exe/start] 
[window-c107dcde/render] new render function
[window-c107dcde/state] closed
[rundll32.exe/exit] success
[process.dll/run] c/windows/system32/cmd.exe
[process.dll/load] c/windows/system32/cmd.exe
[mscorlib/load] shell32.dll
[mscorlib/load] c/windows/lib64/shell32.dll cached
[cmd.exe/start] 
[window-c85faf47/render] new render function
[window-c85faf47/state] closed
[cmd.exe/exit] success
[process.dll/run] c/windows/system32/notepad.exe c/windows/system/autorun.bat
[process.dll/load] c/windows/system32/notepad.exe c/windows/system/autorun.bat
[notepad.exe/start] 
[window-0f49d3a7/render] new render function
[process.dll/run] c/windows/system32/wininfo.exe
[process.dll/load] c/windows/system32/wininfo.exe
[wininfo.exe/start] 
[window-1dbf4ca3/render] new render function
