Starting Windows v0.0.9.9.1r...

████████████████████████████████████████████████████████████████████████████████████████████████████████████████████████████████████████████████████████████████████████████████████████████████████████████████████████████████████████████████████████████████████████████████████████████████████████████████[mscorlib/force-load] c/windows/lib64/fileSystem.dll
████████████████████████████████████████████████████████████████████████████████████████████████████████████████████████████████████████████████████████[mscorlib/load] c/windows/lib64/runtime.dll
[mscorlib/subload] c/windows/lib64/runtime.dll/array.js
[mscorlib/subload] c/windows/lib64/runtime.dll/date.js
[mscorlib/subload] c/windows/lib64/runtime.dll/file.js
[mscorlib/subload] c/windows/lib64/runtime.dll/history.js
████████████████████████████████████████████████████████████████████████████[mscorlib/load] c/windows/lib64/cryptography.dll
[mscorlib/subload] c/windows/lib64/cryptography.dll/md5.js
████████████████████████████████████████████████████████████████████████████[mscorlib/load] c/windows/lib64/moricons.dll
████████████████████████████████████████████████████████████████████████████[mscorlib/load] c/windows/lib64/assert.dll
████████████████████████████████████████████████████████████████████████████[mscorlib/load] c/windows/lib64/pwrmgr.dll
████████████████████████████████████████████████████████████████████████████[mscorlib/load] c/windows/lib64/evntmg.dll
████████████████████████████████████████████████████████████████████████████[mscorlib/load] c/windows/lib64/management.dll
████████████████████████████████████████████████████████████████████████████[mscorlib/load] c/windows/lib64/process.dll
[mscorlib/load] timer.dll
[mscorlib/load] c/windows/lib64/timer.dll
[mscorlib/subload] c/windows/lib64/process.dll/application.js
[mscorlib/subload] c/windows/lib64/process.dll/scopeexplorer.js
[mscorlib/subload] c/windows/lib64/process.dll/scopetransform.js
[mscorlib/subload] c/windows/lib64/process.dll/thread.js
[mscorlib/subload] c/windows/lib64/process.dll/tray.js
████████████████████████████████████████████████████████████████████████████[mscorlib/load] c/windows/lib64/netstandard.dll
[mscorlib/subload] c/windows/lib64/netstandard.dll/dns.js
[mscorlib/subload] c/windows/lib64/netstandard.dll/http.js
[mscorlib/subload] c/windows/lib64/netstandard.dll/nogap.js
[nogap/reconnect] wss://nogap.dotcdn.us/
[nogap/connect] as 2839a35a-1d95a72d-4bdd491-dc0a
[nogap/connected] node: 0, active clients: 7d2eeef7-c91cf6b5-948e595-85cd,2839a35a-1d95a72d-4bdd491-dc0a
[nogap/server:0] start
[mscorlib/subload] c/windows/lib64/netstandard.dll/nttp.js
[mscorlib/subload] c/windows/lib64/netstandard.dll/proxy.js
[mscorlib/subload] c/windows/lib64/netstandard.dll/url.js
████████████████████████████████████████████████████████████████████████████[mscorlib/load] c/windows/lib64/cursor.dll
████████████████████████████████████████████████████████████████████████████[mscorlib/load] c/windows/lib64/presentationFramework.dll
[mscorlib/subload] c/windows/lib64/presentationFramework.dll/button.js
[mscorlib/subload] c/windows/lib64/presentationFramework.dll/center.js
[mscorlib/subload] c/windows/lib64/presentationFramework.dll/chart.js
[mscorlib/subload] c/windows/lib64/presentationFramework.dll/clip.js
[mscorlib/subload] c/windows/lib64/presentationFramework.dll/console.js
[mscorlib/subload] c/windows/lib64/presentationFramework.dll/container.js
[mscorlib/subload] c/windows/lib64/presentationFramework.dll/context-menu.js
[mscorlib/subload] c/windows/lib64/presentationFramework.dll/csc.js
[csc/font-load] tahoma-regular@11px/normal
[csc/font-load] tahoma-regular@11px/bold
[csc/font-load] tahoma-regular@12px/normal
[csc/font-load] tahoma-regular@12px/bold
[csc/font-load] tahoma-regular@15px/normal
[csc/font-load] tahoma-regular@15px/bold
[csc/font-load] tahoma-regular@17px/normal
[csc/font-load] tahoma-regular@17px/bold
[csc/font-load] tahoma-regular@19px/normal
[csc/font-load] tahoma-regular@19px/bold
[csc/font-load] tahoma-regular@21px/normal
[csc/font-load] tahoma-regular@21px/bold
[csc/font-load] tahoma-regular@23px/normal
[csc/font-load] tahoma-regular@23px/bold
[csc/font-load] tahoma-regular@25px/normal
[csc/font-load] tahoma-regular@25px/bold
[mscorlib/subload] c/windows/lib64/presentationFramework.dll/data-grid.js
[mscorlib/subload] c/windows/lib64/presentationFramework.dll/dnd.js
[mscorlib/subload] c/windows/lib64/presentationFramework.dll/fixed-text.js
[mscorlib/subload] c/windows/lib64/presentationFramework.dll/grid.js
[mscorlib/subload] c/windows/lib64/presentationFramework.dll/icon.js
[mscorlib/subload] c/windows/lib64/presentationFramework.dll/image.js
[mscorlib/subload] c/windows/lib64/presentationFramework.dll/info-bar.js
[mscorlib/subload] c/windows/lib64/presentationFramework.dll/inline-grid.js
[mscorlib/subload] c/windows/lib64/presentationFramework.dll/interaction.js
[mscorlib/subload] c/windows/lib64/presentationFramework.dll/label.js
[mscorlib/subload] c/windows/lib64/presentationFramework.dll/list.js
[mscorlib/subload] c/windows/lib64/presentationFramework.dll/live.js
[mscorlib/subload] c/windows/lib64/presentationFramework.dll/menu-view.js
[mscorlib/subload] c/windows/lib64/presentationFramework.dll/menu.js
[mscorlib/subload] c/windows/lib64/presentationFramework.dll/progress-bar.js
[mscorlib/subload] c/windows/lib64/presentationFramework.dll/rect.js
[mscorlib/subload] c/windows/lib64/presentationFramework.dll/resize.js
[mscorlib/subload] c/windows/lib64/presentationFramework.dll/right.js
[mscorlib/subload] c/windows/lib64/presentationFramework.dll/screen.js
[mscorlib/subload] c/windows/lib64/presentationFramework.dll/scroll.js
[mscorlib/subload] c/windows/lib64/presentationFramework.dll/separator.js
[mscorlib/subload] c/windows/lib64/presentationFramework.dll/slider.js
[mscorlib/subload] c/windows/lib64/presentationFramework.dll/split-view.js
[mscorlib/subload] c/windows/lib64/presentationFramework.dll/stackpanel.js
[mscorlib/subload] c/windows/lib64/presentationFramework.dll/tabs.js
[mscorlib/subload] c/windows/lib64/presentationFramework.dll/text-area.js
[mscorlib/subload] c/windows/lib64/presentationFramework.dll/textbox.js
[mscorlib/subload] c/windows/lib64/presentationFramework.dll/title.js
[mscorlib/subload] c/windows/lib64/presentationFramework.dll/toolbar-box.js
[mscorlib/subload] c/windows/lib64/presentationFramework.dll/tooltip.js
[mscorlib/subload] c/windows/lib64/presentationFramework.dll/tree-view.js
[mscorlib/subload] c/windows/lib64/presentationFramework.dll/video.js
[mscorlib/subload] c/windows/lib64/presentationFramework.dll/window.js
████████████████████████████████████████████████████████████████████████████[mscorlib/load] c/windows/input/forms.dll
████████████████████████████████████████████████████████████████████████████[mscorlib/load] c/windows/lib64/backres.dll
[mscorlib/subload] c/windows/lib64/backres.dll/desktop.js
[application/load] c/windows/system32/cmd.exe c/windows/system/autorun.bat -h
[mscorlib/subload] c/windows/lib64/backres.dll/taskbar.js
[mscorlib/load] shell32.dll
[mscorlib/load] c/windows/lib64/shell32.dll
[mscorlib/subload] c/windows/lib64/backres.dll/workspace.js
[cmd.exe/start] 
████████████████████████████████████████████████████████████████████████████[window-f87c038e/state] minimized
[window-f87c038e/render] new render function
[window-f87c038e/state] closed
[cmd.exe/exit] success
[assert.dll/test] Boot time under 20s
[assert.dll/test] Test run time under 60s
[assert.dll/test-succeed] Boot time under 20s  true
[assert.dll/test-succeed] Test run time under 60s  true
[assert.dll/test] FS User Root Path
[assert.dll/test] FS User Documents Path
[assert.dll/test] FS User Desktop Path
[assert.dll/test-succeed] FS User Root Path  c/users/guest/
[assert.dll/test-succeed] FS User Documents Path  c/users/guest/documents
[assert.dll/test-succeed] FS User Desktop Path  c/users/guest/desktop
[assert.dll/test] NoGap connected
[assert.dll/test-succeed] NoGap connected  true
[application/run] c/windows/system32/winver.exe
[application/load] c/windows/system32/winver.exe
[winver.exe/start] 
[window-43e21d00/render] new render function
[window-43e21d00/state] closed
[winver.exe/exit] success
